[debug] [2020-10-21T11:07:30.593Z] ----------------------------------------------------------------------
[debug] [2020-10-21T11:07:30.595Z] Command:       C:\Program Files\nodejs\node.exe C:\Users\Ph3n1x\AppData\Roaming\npm\node_modules\firebase-tools\lib\bin\firebase.js login
[debug] [2020-10-21T11:07:30.595Z] CLI Version:   8.11.2
[debug] [2020-10-21T11:07:30.595Z] Platform:      win32
[debug] [2020-10-21T11:07:30.595Z] Node Version:  v12.19.0
[debug] [2020-10-21T11:07:30.596Z] Time:          Wed Oct 21 2020 16:37:30 GMT+0530 (India Standard Time)
[debug] [2020-10-21T11:07:30.596Z] ----------------------------------------------------------------------
[debug] [2020-10-21T11:07:30.597Z] 
[info] i  Firebase optionally collects CLI usage and error reporting information to help improve our products. Data is collected in accordance with Google's privacy policy (https://policies.google.com/privacy) and is not used to identify you.
 
[info] i  To change your data collection preference at any time, run `firebase logout` and log in again. 
[info] 
[info] Visit this URL on this device to log in:
[info] https://accounts.google.com/o/oauth2/auth?client_id=563584335869-fgrhgmd47bqnekij5i8b5pr03ho849e6.apps.googleusercontent.com&scope=email%20openid%20https%3A%2F%2Fwww.googleapis.com%2Fauth%2Fcloudplatformprojects.readonly%20https%3A%2F%2Fwww.googleapis.com%2Fauth%2Ffirebase%20https%3A%2F%2Fwww.googleapis.com%2Fauth%2Fcloud-platform&response_type=code&state=605847062&redirect_uri=http%3A%2F%2Flocalhost%3A9005
[info] 
[info] Waiting for authentication...
[debug] [2020-10-21T11:07:35.597Z] Error: spawn cmd ENOENT
    at Process.ChildProcess._handle.onexit (internal/child_process.js:267:19)
    at onErrorNT (internal/child_process.js:469:16)
    at processTicksAndRejections (internal/process/task_queues.js:84:21)
[error] 
[error] Error: An unexpected error has occurred.
[debug] [2020-10-21T11:12:00.904Z] ----------------------------------------------------------------------
[debug] [2020-10-21T11:12:00.906Z] Command:       C:\Program Files\nodejs\node.exe C:\Users\Ph3n1x\AppData\Roaming\npm\node_modules\firebase-tools\lib\bin\firebase.js login
[debug] [2020-10-21T11:12:00.906Z] CLI Version:   8.11.2
[debug] [2020-10-21T11:12:00.906Z] Platform:      win32
[debug] [2020-10-21T11:12:00.907Z] Node Version:  v12.19.0
[debug] [2020-10-21T11:12:00.908Z] Time:          Wed Oct 21 2020 16:42:00 GMT+0530 (India Standard Time)
[debug] [2020-10-21T11:12:00.908Z] ----------------------------------------------------------------------
[debug] [2020-10-21T11:12:00.908Z] 
[info] i  Firebase optionally collects CLI usage and error reporting information to help improve our products. Data is collected in accordance with Google's privacy policy (https://policies.google.com/privacy) and is not used to identify you.
 
[info] i  To change your data collection preference at any time, run `firebase logout` and log in again. 
[info] 
[info] Visit this URL on this device to log in:
[info] https://accounts.google.com/o/oauth2/auth?client_id=563584335869-fgrhgmd47bqnekij5i8b5pr03ho849e6.apps.googleusercontent.com&scope=email%20openid%20https%3A%2F%2Fwww.googleapis.com%2Fauth%2Fcloudplatformprojects.readonly%20https%3A%2F%2Fwww.googleapis.com%2Fauth%2Ffirebase%20https%3A%2F%2Fwww.googleapis.com%2Fauth%2Fcloud-platform&response_type=code&state=258872785&redirect_uri=http%3A%2F%2Flocalhost%3A9005
[info] 
[info] Waiting for authentication...
[debug] [2020-10-21T11:12:08.021Z] Error: spawn cmd ENOENT
    at Process.ChildProcess._handle.onexit (internal/child_process.js:267:19)
    at onErrorNT (internal/child_process.js:469:16)
    at processTicksAndRejections (internal/process/task_queues.js:84:21)
[error] 
[error] Error: An unexpected error has occurred.
[debug] [2020-10-21T11:14:25.142Z] ----------------------------------------------------------------------
[debug] [2020-10-21T11:14:25.144Z] Command:       C:\Program Files\nodejs\node.exe C:\Users\Ph3n1x\AppData\Roaming\npm\node_modules\firebase-tools\lib\bin\firebase.js login --no-localhost
[debug] [2020-10-21T11:14:25.144Z] CLI Version:   8.11.2
[debug] [2020-10-21T11:14:25.144Z] Platform:      win32
[debug] [2020-10-21T11:14:25.144Z] Node Version:  v12.19.0
[debug] [2020-10-21T11:14:25.145Z] Time:          Wed Oct 21 2020 16:44:25 GMT+0530 (India Standard Time)
[debug] [2020-10-21T11:14:25.146Z] ----------------------------------------------------------------------
[debug] [2020-10-21T11:14:25.146Z] 
[info] i  Firebase optionally collects CLI usage and error reporting information to help improve our products. Data is collected in accordance with Google's privacy policy (https://policies.google.com/privacy) and is not used to identify you.
 
[info] i  To change your data collection preference at any time, run `firebase logout` and log in again. 
[info] 
[info] Visit this URL on any device to log in:
[info] https://accounts.google.com/o/oauth2/auth?client_id=563584335869-fgrhgmd47bqnekij5i8b5pr03ho849e6.apps.googleusercontent.com&scope=email%20openid%20https%3A%2F%2Fwww.googleapis.com%2Fauth%2Fcloudplatformprojects.readonly%20https%3A%2F%2Fwww.googleapis.com%2Fauth%2Ffirebase%20https%3A%2F%2Fwww.googleapis.com%2Fauth%2Fcloud-platform&response_type=code&state=503346001&redirect_uri=urn%3Aietf%3Awg%3Aoauth%3A2.0%3Aoob
[info] 
[debug] [2020-10-21T11:14:29.730Z] Error: spawn cmd ENOENT
    at Process.ChildProcess._handle.onexit (internal/child_process.js:267:19)
    at onErrorNT (internal/child_process.js:469:16)
    at processTicksAndRejections (internal/process/task_queues.js:84:21)
[error] 
[error] Error: An unexpected error has occurred.
[debug] [2020-10-21T11:17:47.338Z] ----------------------------------------------------------------------
[debug] [2020-10-21T11:17:47.340Z] Command:       C:\Program Files\nodejs\node.exe C:\Users\Ph3n1x\AppData\Roaming\npm\node_modules\firebase-tools\lib\bin\firebase.js login --reauth
[debug] [2020-10-21T11:17:47.340Z] CLI Version:   8.11.2
[debug] [2020-10-21T11:17:47.341Z] Platform:      win32
[debug] [2020-10-21T11:17:47.341Z] Node Version:  v12.19.0
[debug] [2020-10-21T11:17:47.342Z] Time:          Wed Oct 21 2020 16:47:47 GMT+0530 (India Standard Time)
[debug] [2020-10-21T11:17:47.342Z] ----------------------------------------------------------------------
[debug] [2020-10-21T11:17:47.342Z] 
[info] 
[info] Visit this URL on this device to log in:
[info] https://accounts.google.com/o/oauth2/auth?client_id=563584335869-fgrhgmd47bqnekij5i8b5pr03ho849e6.apps.googleusercontent.com&scope=email%20openid%20https%3A%2F%2Fwww.googleapis.com%2Fauth%2Fcloudplatformprojects.readonly%20https%3A%2F%2Fwww.googleapis.com%2Fauth%2Ffirebase%20https%3A%2F%2Fwww.googleapis.com%2Fauth%2Fcloud-platform&response_type=code&state=430141309&redirect_uri=http%3A%2F%2Flocalhost%3A9005
[info] 
[info] Waiting for authentication...
[debug] [2020-10-21T11:17:47.376Z] Error: spawn cmd ENOENT
    at Process.ChildProcess._handle.onexit (internal/child_process.js:267:19)
    at onErrorNT (internal/child_process.js:469:16)
    at processTicksAndRejections (internal/process/task_queues.js:84:21)
[error] 
[error] Error: An unexpected error has occurred.
